[2024-06-04 12:35:46.105] [info] Using configuration file /home/antonio/.config/waybar/config.jsonc
[2024-06-04 12:35:46.107] [info] Unable to receive desktop appearance: GDBus.Error:org.freedesktop.DBus.Error.UnknownMethod: No such interface “org.freedesktop.portal.Settings” on object at path /org/freedesktop/portal/desktop
[2024-06-04 12:35:46.107] [info] Using CSS file /home/antonio/.config/waybar/style.css
[2024-06-04 12:35:46.112] [info] Hyprland IPC starting
[2024-06-04 12:35:46.114] [info] Loading persistent workspaces from Hyprland workspace rules
[2024-06-04 12:35:46.229] [info] Bar configured (width: 1600, height: 31) for output: eDP-1

** (waybar:14911): WARNING **: 12:35:46.233: Status Notifier Item with bus name ':1.11' and object path '/org/ayatana/NotificationItem/nm_applet' is already registered

** (waybar:14911): WARNING **: 12:35:47.531: Status Notifier Item with bus name ':1.11' and object path '/org/ayatana/NotificationItem/nm_applet' is already registered

** (waybar:14911): WARNING **: 12:47:06.536: Status Notifier Item with bus name ':1.11' and object path '/org/ayatana/NotificationItem/nm_applet' is already registered

** (waybar:14911): WARNING **: 14:27:31.441: Status Notifier Item with bus name ':1.11' and object path '/org/ayatana/NotificationItem/nm_applet' is already registered
[2024-06-04 14:27:31.445] [error] Item 'chrome_status_icon_1': No icon name or pixmap given.
[2024-06-04 14:27:31.460] [error] Item 'chrome_status_icon_1': No icon name or pixmap given.

** (waybar:14911): WARNING **: 14:31:30.177: Status Notifier Item with bus name ':1.11' and object path '/org/ayatana/NotificationItem/nm_applet' is already registered

(waybar:14911): LIBDBUSMENU-GLIB-WARNING **: 14:34:35.520: Unable to replace properties on 0: Error getting properties for ID

(waybar:14911): LIBDBUSMENU-GLIB-WARNING **: 14:34:35.621: Unable to replace properties on 0: Error getting properties for ID

(waybar:14911): LIBDBUSMENU-GLIB-WARNING **: 14:34:35.820: Unable to replace properties on 0: Error getting properties for ID

(waybar:14911): LIBDBUSMENU-GLIB-WARNING **: 15:31:14.599: Unable to replace properties on 0: Error getting properties for ID

(waybar:14911): LIBDBUSMENU-GLIB-WARNING **: 15:31:41.249: Unable to replace properties on 0: Error getting properties for ID

(waybar:14911): LIBDBUSMENU-GLIB-WARNING **: 15:31:41.349: Unable to replace properties on 0: Error getting properties for ID

(waybar:14911): LIBDBUSMENU-GLIB-WARNING **: 15:31:42.753: Unable to replace properties on 0: Error getting properties for ID

(waybar:14911): LIBDBUSMENU-GLIB-WARNING **: 15:31:42.955: Unable to replace properties on 0: Error getting properties for ID

(waybar:14911): LIBDBUSMENU-GLIB-WARNING **: 15:31:43.155: Unable to replace properties on 0: Error getting properties for ID

(waybar:14911): LIBDBUSMENU-GLIB-WARNING **: 15:31:43.258: Unable to replace properties on 0: Error getting properties for ID

(waybar:14911): LIBDBUSMENU-GLIB-WARNING **: 15:31:46.666: Unable to replace properties on 0: Error getting properties for ID

(waybar:14911): LIBDBUSMENU-GLIB-WARNING **: 15:31:48.170: Unable to replace properties on 0: Error getting properties for ID

(waybar:14911): LIBDBUSMENU-GLIB-WARNING **: 15:32:20.032: Unable to replace properties on 0: Error getting properties for ID

(waybar:14911): LIBDBUSMENU-GLIB-WARNING **: 15:32:27.947: Unable to replace properties on 0: Error getting properties for ID

(waybar:14911): LIBDBUSMENU-GLIB-WARNING **: 15:32:28.547: Unable to replace properties on 0: Error getting properties for ID

(waybar:14911): LIBDBUSMENU-GLIB-WARNING **: 15:32:28.650: Unable to replace properties on 0: Error getting properties for ID

(waybar:14911): LIBDBUSMENU-GLIB-WARNING **: 15:32:31.455: Unable to replace properties on 0: Error getting properties for ID

(waybar:14911): LIBDBUSMENU-GLIB-WARNING **: 15:32:32.860: Unable to replace properties on 0: Error getting properties for ID

** (waybar:14911): WARNING **: 18:53:38.231: Status Notifier Item with bus name ':1.11' and object path '/org/ayatana/NotificationItem/nm_applet' is already registered

(waybar:14911): LIBDBUSMENU-GLIB-WARNING **: 21:21:53.903: Unable to replace properties on 0: Error getting properties for ID

(waybar:14911): LIBDBUSMENU-GLIB-WARNING **: 21:21:54.004: Unable to replace properties on 0: Error getting properties for ID

(waybar:14911): LIBDBUSMENU-GLIB-WARNING **: 21:21:54.304: Unable to replace properties on 0: Error getting properties for ID

(waybar:14911): LIBDBUSMENU-GLIB-WARNING **: 21:31:13.889: Unable to replace properties on 0: Error getting properties for ID

(waybar:14911): LIBDBUSMENU-GLIB-WARNING **: 21:31:18.299: Unable to replace properties on 0: Error getting properties for ID

(waybar:14911): LIBDBUSMENU-GLIB-WARNING **: 21:31:21.005: Unable to replace properties on 0: Error getting properties for ID

(waybar:14911): LIBDBUSMENU-GLIB-WARNING **: 21:31:22.608: Unable to replace properties on 0: Error getting properties for ID
[2024-06-04 23:15:42.857] [info] Hyprland config reloaded, reinitializing hyprland/workspaces module...
[2024-06-04 23:15:42.859] [info] Loading persistent workspaces from Hyprland workspace rules

(waybar:14911): LIBDBUSMENU-GLIB-WARNING **: 23:24:26.362: Unable to replace properties on 0: Error getting properties for ID
Gdk-Message: 23:24:26.387: Error reading events from display: Connection reset by peer
